<?xml version="1.0" encoding="UTF-8"?>
<!-- Generated by org.testng.reporters.JUnitReportReporter -->
<testsuite skipped="0" hostname="Batman" name="testcase.UICases" tests="1" failures="0" timestamp="2021-04-24T12:12:13 IST" time="14.799" errors="0">
  <testcase name="TC001" time="14.799" classname="testcase.UICases"/>
  <system-out/>
</testsuite> <!-- testcase.UICases -->
