<?xml version="1.0" encoding="UTF-8"?>
<!-- Generated by org.testng.reporters.JUnitReportReporter -->
<testsuite skipped="0" hostname="Batman" name="testcase.UICases" tests="3" failures="0" timestamp="2021-04-24T17:33:54 IST" time="58.448" errors="0">
  <testcase name="TC001" time="21.233" classname="testcase.UICases"/>
  <system-out/>
  <testcase name="TC001" time="17.266" classname="testcase.UICases"/>
  <system-out/>
  <testcase name="TC001" time="19.949" classname="testcase.UICases"/>
  <system-out/>
</testsuite> <!-- testcase.UICases -->
