<?xml version="1.0" encoding="UTF-8"?>
<!-- Generated by org.testng.reporters.JUnitReportReporter -->
<testsuite skipped="0" hostname="Batman" name="vanillaScripting.WeatherReporting" tests="1" failures="0" timestamp="2021-04-24T11:55:54 IST" time="17.194" errors="0">
  <testcase name="runTestCase" time="17.194" classname="vanillaScripting.WeatherReporting"/>
  <system-out/>
</testsuite> <!-- vanillaScripting.WeatherReporting -->
